13821382
13801382
13881382
18188282
13381382
13851385
13331382
82821382
11821382
12821382
13821282
13821382z
zeinab1382
kordnejad1382
13821382
13851382
82138282
13828282
13851382
13791382
13821379
13881379
z13821382
zk13821382
zk1382
3821382
1821382
13881388
82821388
12341382
12345682
78987882
38823882
13828282
28508282
234567882
34567882
38588282
82858285
13821382
13851385
45678982
01234582
82138282
11111382
13822222
12378982
zeinabk82982
8282138882
13831381
12821382
13285882
02588520
82852820
02588520
65459878
13821482
14821382
12821282
19981998
85285282
1382133382
11821382
33821382
4413821382
3344821382
44331382
